==388649== Memcheck, a memory error detector
==388649== Copyright (C) 2002-2022, and GNU GPL'd, by Julian Seward et al.
==388649== Using Valgrind-3.22.0 and LibVEX; rerun with -h for copyright info
==388649== Command: /usr/bin/make
==388649== Parent PID: 388648
==388649== 
==388649== 
==388649== FILE DESCRIPTORS: 6 open (2 std) at exit.
==388649== Open file descriptor 6: /home/hamad/Desktop/42AbuDhabi/Curus/Projects/Circle_4/Minishell/libft/out.log
==388649==    <inherited from parent>
==388649== 
==388649== Open file descriptor 5: /home/hamad/Desktop/42AbuDhabi/Curus/Projects/Circle_4/Minishell/out.log
==388649==    <inherited from parent>
==388649== 
==388649== Open file descriptor 4: /home/hamad/Desktop/42AbuDhabi/Curus/Projects/Circle_4/Minishell/out.log
==388649==    <inherited from parent>
==388649== 
==388649== Open file descriptor 3: /home/hamad/Desktop/42AbuDhabi/Curus/Projects/Circle_4/Minishell/out.log
==388649==    <inherited from parent>
==388649== 
==388649== Open file descriptor 2: /dev/pts/1
==388649==    <inherited from parent>
==388649== 
==388649== Open file descriptor 0: /dev/pts/1
==388649==    <inherited from parent>
==388649== 
==388649== 
==388649== HEAP SUMMARY:
==388649==     in use at exit: 202,379 bytes in 1,777 blocks
==388649==   total heap usage: 4,601 allocs, 2,824 frees, 1,320,522 bytes allocated
==388649== 
==388649== LEAK SUMMARY:
==388649==    definitely lost: 0 bytes in 0 blocks
==388649==    indirectly lost: 0 bytes in 0 blocks
==388649==      possibly lost: 0 bytes in 0 blocks
==388649==    still reachable: 202,379 bytes in 1,777 blocks
==388649==         suppressed: 0 bytes in 0 blocks
==388649== Reachable blocks (those to which a pointer was found) are not shown.
==388649== To see them, rerun with: --leak-check=full --show-leak-kinds=all
==388649== 
==388649== ERROR SUMMARY: 0 errors from 0 contexts (suppressed: 0 from 0)
